<?xml version="1.0" encoding="UTF-8"?>
<!-- Generated by org.testng.reporters.JUnitXMLReporter -->
<testsuite hostname="DESKTOP-U7VLMS4" ignored="0" name="Default test" tests="4" failures="0" timestamp="2021-12-28T09:42:51 IST" time="37.844" errors="0">
  <testcase name="openBrowser" time="31.097" classname="test1.NewTest"/>
  <testcase name="launchGoogle" time="1.053" classname="test1.NewTest"/>
  <testcase name="peformSeachAndClick1stLink" time="4.059" classname="test1.NewTest"/>
  <testcase name="FaceBookPageTitleVerification" time="1.376" classname="test1.NewTest"/>
</testsuite> <!-- Default test -->
