<?xml version="1.0" encoding="UTF-8"?>
<!-- Generated by org.testng.reporters.JUnitXMLReporter -->
<testsuite hostname="DESKTOP-U7VLMS4" ignored="0" name="Default test" tests="4" failures="0" timestamp="2021-12-24T15:55:06 IST" time="47.807" errors="0">
  <testcase name="openBrowser" time="36.277" classname="test1.NewTest"/>
  <testcase name="launchGoogle" time="1.425" classname="test1.NewTest"/>
  <testcase name="peformSeachAndClick1stLink" time="5.289" classname="test1.NewTest"/>
  <testcase name="FaceBookPageTitleVerification" time="4.597" classname="test1.NewTest"/>
</testsuite> <!-- Default test -->
